TN:
SF:src\lib\block.ts
FN:10,<instance_members_initializer>
FN:23,Block
FN:37,getHash
FN:49,mine
FN:67,isValid
FN:92,fromBlockInfo
FNF:6
FNH:6
FNDA:12,<instance_members_initializer>
FNDA:12,Block
FNDA:21,getHash
FNDA:5,mine
FNDA:11,isValid
FNDA:1,fromBlockInfo
DA:1,1
DA:2,1
DA:3,1
DA:4,1
DA:5,1
DA:6,1
DA:7,1
DA:8,1
DA:9,1
DA:10,12
DA:11,12
DA:12,12
DA:13,12
DA:14,12
DA:15,12
DA:16,12
DA:17,12
DA:18,12
DA:19,12
DA:20,12
DA:21,12
DA:22,12
DA:23,12
DA:24,12
DA:25,12
DA:26,12
DA:27,12
DA:28,12
DA:29,12
DA:30,12
DA:31,12
DA:32,12
DA:33,12
DA:34,12
DA:35,12
DA:36,12
DA:37,12
DA:38,21
DA:39,21
DA:40,21
DA:41,21
DA:42,21
DA:43,12
DA:44,12
DA:45,12
DA:46,12
DA:47,12
DA:48,12
DA:49,12
DA:50,5
DA:51,5
DA:52,5
DA:53,5
DA:54,5
DA:55,5
DA:56,5
DA:57,5
DA:58,5
DA:59,12
DA:60,12
DA:61,12
DA:62,12
DA:63,12
DA:64,12
DA:65,12
DA:66,12
DA:67,12
DA:68,11
DA:69,11
DA:70,11
DA:71,10
DA:72,10
DA:73,9
DA:74,9
DA:75,9
DA:76,9
DA:77,10
DA:78,10
DA:79,8
DA:80,11
DA:81,11
DA:82,11
DA:83,11
DA:84,3
DA:85,3
DA:86,11
DA:87,2
DA:88,2
DA:89,2
DA:90,12
DA:91,12
DA:92,12
DA:93,1
DA:94,1
DA:95,1
DA:96,1
DA:97,1
DA:98,1
DA:99,12
LF:99
LH:99
BRDA:10,0,0,12
BRDA:23,1,0,12
BRDA:24,2,0,10
BRDA:24,3,0,3
BRDA:25,4,0,10
BRDA:26,5,0,10
BRDA:26,6,0,3
BRDA:28,7,0,10
BRDA:29,8,0,10
BRDA:30,9,0,2
BRDA:32,10,0,10
BRDA:33,11,0,10
BRDA:34,12,0,10
BRDA:29,13,0,11
BRDA:37,14,0,21
BRDA:39,15,0,19
BRDA:40,16,0,2
BRDA:39,17,0,21
BRDA:39,18,0,2
BRDA:49,19,0,5
BRDA:67,20,0,11
BRDA:70,21,0,10
BRDA:72,22,0,1
BRDA:73,23,0,9
BRDA:77,24,0,2
BRDA:79,25,0,8
BRDA:80,26,0,2
BRDA:80,27,0,6
BRDA:81,28,0,1
BRDA:82,29,0,5
BRDA:82,30,0,1
BRDA:83,31,0,4
BRDA:83,32,0,3
BRDA:83,33,0,1
BRDA:84,34,0,3
BRDA:86,35,0,2
BRDA:86,36,0,1
BRDA:87,37,0,2
BRDA:71,38,0,11
BRDA:74,39,0,9
BRDA:75,40,0,9
BRDA:75,41,0,2
BRDA:92,42,0,1
BRF:43
BRH:43
end_of_record
TN:
SF:src\lib\blockchain.ts
FN:17,<static_initializer>
FN:22,Blockchain
FN:35,getLastBlock
FN:39,getDifficulty
FN:43,addTransaction
FN:58,addBlock
FN:78,getBlock
FN:82,getTransaction
FN:102,isValid
FN:113,getFeePerTx
FN:117,getNextBlock
FNF:11
FNH:11
FNDA:1,<static_initializer>
FNDA:17,Blockchain
FNDA:7,getLastBlock
FNDA:7,getDifficulty
FNDA:4,addTransaction
FNDA:5,addBlock
FNDA:1,getBlock
FNDA:3,getTransaction
FNDA:3,isValid
FNDA:1,getFeePerTx
FNDA:2,getNextBlock
DA:1,1
DA:2,1
DA:3,1
DA:4,1
DA:5,1
DA:6,1
DA:7,1
DA:8,1
DA:9,1
DA:10,1
DA:11,1
DA:12,1
DA:13,1
DA:14,1
DA:15,1
DA:16,1
DA:17,1
DA:18,1
DA:19,1
DA:20,1
DA:21,1
DA:22,1
DA:23,17
DA:24,17
DA:25,17
DA:26,17
DA:27,17
DA:28,17
DA:29,17
DA:30,17
DA:31,17
DA:32,17
DA:33,17
DA:34,1
DA:35,1
DA:36,7
DA:37,7
DA:38,1
DA:39,1
DA:40,7
DA:41,7
DA:42,1
DA:43,1
DA:44,4
DA:45,4
DA:46,4
DA:47,3
DA:48,3
DA:49,4
DA:50,2
DA:51,2
DA:52,4
DA:53,1
DA:54,1
DA:55,1
DA:56,1
DA:57,1
DA:58,1
DA:59,5
DA:60,5
DA:61,5
DA:62,5
DA:63,4
DA:64,4
DA:65,4
DA:66,4
DA:67,4
DA:68,5
DA:69,2
DA:70,2
DA:71,2
DA:72,2
DA:73,2
DA:74,2
DA:75,2
DA:76,2
DA:77,1
DA:78,1
DA:79,1
DA:80,1
DA:81,1
DA:82,1
DA:83,3
DA:84,3
DA:85,1
DA:86,1
DA:87,1
DA:88,1
DA:89,1
DA:90,2
DA:91,2
DA:92,3
DA:93,1
DA:94,1
DA:95,1
DA:96,1
DA:97,1
DA:98,1
DA:99,1
DA:100,1
DA:101,1
DA:102,1
DA:103,3
DA:104,1
DA:105,1
DA:106,1
DA:107,1
DA:108,1
DA:109,1
DA:110,2
DA:111,2
DA:112,1
DA:113,1
DA:114,1
DA:115,1
DA:116,1
DA:117,1
DA:118,2
DA:119,2
DA:120,1
DA:121,1
DA:122,1
DA:123,1
DA:124,1
DA:125,1
DA:126,1
DA:127,1
DA:128,1
DA:129,1
DA:130,1
DA:131,1
DA:132,1
DA:133,1
DA:134,1
DA:135,1
DA:136,1
LF:136
LH:136
BRDA:17,0,0,1
BRDA:22,1,0,17
BRDA:35,2,0,7
BRDA:39,3,0,7
BRDA:43,4,0,4
BRDA:46,5,0,1
BRDA:47,6,0,3
BRDA:49,7,0,1
BRDA:50,8,0,2
BRDA:52,9,0,1
BRDA:48,10,0,3
BRDA:48,11,0,3
BRDA:51,12,0,1
BRDA:58,13,0,5
BRDA:62,14,0,1
BRDA:63,15,0,4
BRDA:68,16,0,2
BRDA:65,17,0,4
BRDA:65,18,0,4
BRDA:66,19,0,2
BRDA:78,20,0,1
BRDA:79,21,0,1
BRDA:82,22,0,3
BRDA:84,23,0,1
BRDA:90,24,0,2
BRDA:92,25,0,1
BRDA:83,26,0,1
BRDA:91,27,0,3
BRDA:91,28,0,3
BRDA:95,29,0,1
BRDA:102,30,0,3
BRDA:103,31,0,1
BRDA:110,32,0,2
BRDA:113,33,0,1
BRDA:117,34,0,2
BRDA:119,35,0,1
BRF:36
BRH:36
end_of_record
TN:
SF:src\lib\transaction.ts
FN:8,<instance_members_initializer>
FN:14,Transaction
FN:21,getHash
FN:25,isValid
FNF:4
FNH:4
FNDA:9,<instance_members_initializer>
FNDA:9,Transaction
FNDA:13,getHash
FNDA:7,isValid
DA:1,1
DA:2,1
DA:3,1
DA:4,1
DA:5,1
DA:6,1
DA:7,1
DA:8,9
DA:9,9
DA:10,9
DA:11,9
DA:12,9
DA:13,9
DA:14,9
DA:15,9
DA:16,9
DA:17,9
DA:18,9
DA:19,9
DA:20,9
DA:21,9
DA:22,13
DA:23,13
DA:24,9
DA:25,9
DA:26,7
DA:27,7
DA:28,6
DA:29,6
DA:30,7
DA:31,3
DA:32,3
DA:33,3
DA:34,9
LF:34
LH:34
BRDA:8,0,0,9
BRDA:14,1,0,9
BRDA:15,2,0,8
BRDA:15,3,0,5
BRDA:16,4,0,8
BRDA:16,5,0,6
BRDA:17,6,0,8
BRDA:17,7,0,4
BRDA:18,8,0,8
BRDA:18,9,0,6
BRDA:21,10,0,13
BRDA:25,11,0,7
BRDA:27,12,0,1
BRDA:28,13,0,6
BRDA:30,14,0,3
BRF:15
BRH:15
end_of_record
TN:
SF:src\lib\validation.ts
FN:4,<instance_members_initializer>
FN:13,Validation
FNF:2
FNH:2
FNDA:54,<instance_members_initializer>
FNDA:54,Validation
DA:1,1
DA:2,1
DA:3,1
DA:4,54
DA:5,54
DA:6,54
DA:7,54
DA:8,54
DA:9,54
DA:10,54
DA:11,54
DA:12,54
DA:13,54
DA:14,54
DA:15,54
DA:16,54
DA:17,54
LF:17
LH:17
BRDA:4,0,0,54
BRDA:13,1,0,54
BRF:2
BRH:2
end_of_record
TN:
SF:src\server\blockchainServer.ts
FNF:0
FNH:0
DA:1,1
DA:2,1
DA:3,1
DA:4,1
DA:5,1
DA:6,1
DA:7,1
DA:8,1
DA:9,1
DA:10,1
DA:11,1
DA:12,1
DA:13,1
DA:14,1
DA:15,1
DA:16,1
DA:17,1
DA:18,1
DA:19,1
DA:20,1
DA:21,1
DA:22,1
DA:23,1
DA:24,1
DA:25,1
DA:26,1
DA:27,1
DA:28,1
DA:29,1
DA:30,1
DA:31,1
DA:32,1
DA:33,1
DA:34,1
DA:35,1
DA:36,1
DA:37,1
DA:38,1
DA:39,3
DA:40,3
DA:41,3
DA:42,2
DA:43,2
DA:44,3
DA:45,3
DA:46,3
DA:47,2
DA:48,2
DA:49,3
DA:50,1
DA:51,1
DA:52,3
DA:53,3
DA:54,3
DA:55,3
DA:56,3
DA:57,3
DA:58,3
DA:59,1
DA:60,1
DA:61,1
DA:62,1
DA:63,1
DA:64,2
DA:65,2
DA:66,1
DA:67,1
DA:68,1
DA:69,1
DA:70,1
DA:71,1
DA:72,2
DA:73,1
DA:74,1
DA:75,3
DA:76,3
DA:77,3
DA:78,3
DA:79,3
DA:80,3
DA:81,3
DA:82,2
DA:83,2
DA:84,3
DA:85,1
DA:86,1
DA:87,1
DA:88,1
DA:89,1
DA:90,1
DA:91,1
DA:92,1
DA:93,1
LF:93
LH:93
BRDA:11,0,0,1
BRDA:17,1,0,1
BRDA:88,2,0,1
BRDA:25,3,0,1
BRDA:34,4,0,1
BRDA:38,5,0,3
BRDA:41,6,0,1
BRDA:42,7,0,2
BRDA:46,8,0,1
BRDA:47,9,0,2
BRDA:51,10,0,3
BRDA:52,11,0,1
BRDA:58,12,0,2
BRDA:59,13,0,1
BRDA:63,14,0,2
BRDA:65,15,0,1
BRDA:74,16,0,3
BRDA:75,17,0,1
BRDA:81,18,0,1
BRDA:82,19,0,2
BRF:20
BRH:20
end_of_record
