TN:
SF:src\lib\block.ts
FN:10,<instance_members_initializer>
FN:23,Block
FN:37,getHash
FN:49,mine
FN:67,isValid
FN:99,fromBlockInfo
FNF:6
FNH:6
FNDA:13,<instance_members_initializer>
FNDA:13,Block
FNDA:269,getHash
FNDA:15,mine
FNDA:12,isValid
FNDA:1,fromBlockInfo
DA:1,1
DA:2,1
DA:3,1
DA:4,1
DA:5,1
DA:6,1
DA:7,1
DA:8,1
DA:9,1
DA:10,13
DA:11,13
DA:12,13
DA:13,13
DA:14,13
DA:15,13
DA:16,13
DA:17,13
DA:18,13
DA:19,13
DA:20,13
DA:21,13
DA:22,13
DA:23,13
DA:24,13
DA:25,13
DA:26,13
DA:27,13
DA:28,13
DA:29,13
DA:30,13
DA:31,13
DA:32,13
DA:33,13
DA:34,13
DA:35,13
DA:36,13
DA:37,13
DA:38,269
DA:39,269
DA:40,269
DA:41,269
DA:42,269
DA:43,13
DA:44,13
DA:45,13
DA:46,13
DA:47,13
DA:48,13
DA:49,13
DA:50,15
DA:51,15
DA:52,15
DA:53,15
DA:54,249
DA:55,249
DA:56,15
DA:57,15
DA:58,15
DA:59,13
DA:60,13
DA:61,13
DA:62,13
DA:63,13
DA:64,13
DA:65,13
DA:66,13
DA:67,13
DA:68,12
DA:69,12
DA:70,12
DA:71,12
DA:72,12
DA:73,11
DA:74,11
DA:75,12
DA:76,10
DA:77,10
DA:78,12
DA:79,9
DA:80,9
DA:81,9
DA:82,9
DA:83,9
DA:84,12
DA:85,12
DA:86,8
DA:87,12
DA:88,12
DA:89,12
DA:90,12
DA:91,4
DA:92,4
DA:93,12
DA:94,2
DA:95,2
DA:96,2
DA:97,13
DA:98,13
DA:99,13
DA:100,1
DA:101,1
DA:102,1
DA:103,1
DA:104,1
DA:105,1
DA:106,13
LF:106
LH:106
BRDA:10,0,0,13
BRDA:23,1,0,13
BRDA:24,2,0,11
BRDA:24,3,0,3
BRDA:25,4,0,11
BRDA:26,5,0,11
BRDA:26,6,0,3
BRDA:28,7,0,11
BRDA:29,8,0,11
BRDA:30,9,0,2
BRDA:32,10,0,11
BRDA:33,11,0,11
BRDA:34,12,0,11
BRDA:29,13,0,20
BRDA:37,14,0,269
BRDA:39,15,0,267
BRDA:40,16,0,2
BRDA:39,17,0,505
BRDA:39,18,0,238
BRDA:49,19,0,15
BRDA:53,20,0,249
BRDA:67,21,0,12
BRDA:72,22,0,1
BRDA:73,23,0,11
BRDA:75,24,0,1
BRDA:76,25,0,10
BRDA:78,26,0,1
BRDA:79,27,0,9
BRDA:84,28,0,1
BRDA:86,29,0,8
BRDA:87,30,0,1
BRDA:87,31,0,7
BRDA:88,32,0,1
BRDA:89,33,0,6
BRDA:89,34,0,1
BRDA:90,35,0,5
BRDA:90,36,0,4
BRDA:90,37,0,1
BRDA:91,38,0,4
BRDA:93,39,0,2
BRDA:93,40,0,2
BRDA:70,41,0,22
BRDA:77,42,0,10
BRDA:80,43,0,17
BRDA:81,44,0,17
BRDA:82,45,0,17
BRDA:82,46,0,1
BRDA:99,47,0,1
BRF:48
BRH:48
end_of_record
TN:
SF:src\lib\blockchain.ts
FN:19,<static_initializer>
FN:24,Blockchain
FN:33,createGenesis
FN:48,getLastBlock
FN:52,getDifficulty
FN:56,addTransaction
FN:87,addBlock
FN:109,getBlock
FN:113,getTransaction
FN:133,isValid
FN:144,getFeePerTx
FN:148,getNextBlock
FN:168,getTxInputs
FN:178,getTxOutputs
FN:188,getUtxo
FN:202,getBalance
FN:209,getRewardAmount
FNF:17
FNH:17
FNDA:2,<static_initializer>
FNDA:21,Blockchain
FNDA:21,createGenesis
FNDA:5,getLastBlock
FNDA:51,getDifficulty
FNDA:5,addTransaction
FNDA:5,addBlock
FNDA:1,getBlock
FNDA:3,getTransaction
FNDA:3,isValid
FNDA:9,getFeePerTx
FNDA:7,getNextBlock
FNDA:6,getTxInputs
FNDA:6,getTxOutputs
FNDA:6,getUtxo
FNDA:2,getBalance
FNDA:24,getRewardAmount
DA:1,1
DA:2,1
DA:3,1
DA:4,1
DA:5,1
DA:6,1
DA:7,1
DA:8,1
DA:9,1
DA:10,1
DA:11,1
DA:12,1
DA:13,1
DA:14,1
DA:15,1
DA:16,1
DA:17,1
DA:18,1
DA:19,1
DA:20,1
DA:21,1
DA:22,1
DA:23,1
DA:24,1
DA:25,21
DA:26,21
DA:27,21
DA:28,21
DA:29,21
DA:30,21
DA:31,21
DA:32,1
DA:33,1
DA:34,21
DA:35,21
DA:36,21
DA:37,21
DA:38,21
DA:39,21
DA:40,21
DA:41,21
DA:42,21
DA:43,21
DA:44,21
DA:45,21
DA:46,21
DA:47,1
DA:48,1
DA:49,5
DA:50,5
DA:51,1
DA:52,1
DA:53,51
DA:54,51
DA:55,1
DA:56,1
DA:57,5
DA:58,4
DA:59,4
DA:60,4
DA:61,4
DA:62,4
DA:63,4
DA:64,4
DA:65,4
DA:66,4
DA:67,3
DA:68,3
DA:69,3
DA:70,3
DA:71,3
DA:72,3
DA:73,3
DA:74,2
DA:75,3
DA:76,3
DA:77,3
DA:78,5
DA:79,2
DA:80,2
DA:81,5
DA:82,1
DA:83,1
DA:84,1
DA:85,1
DA:86,1
DA:87,1
DA:88,5
DA:89,5
DA:90,5
DA:91,4
DA:92,4
DA:93,5
DA:94,3
DA:95,3
DA:96,3
DA:97,3
DA:98,3
DA:99,5
DA:100,2
DA:101,2
DA:102,2
DA:103,2
DA:104,2
DA:105,2
DA:106,2
DA:107,2
DA:108,1
DA:109,1
DA:110,1
DA:111,1
DA:112,1
DA:113,1
DA:114,3
DA:115,3
DA:116,1
DA:117,1
DA:118,1
DA:119,1
DA:120,1
DA:121,2
DA:122,2
DA:123,3
DA:124,1
DA:125,1
DA:126,1
DA:127,1
DA:128,1
DA:129,1
DA:130,1
DA:131,1
DA:132,1
DA:133,1
DA:134,3
DA:135,1
DA:136,1
DA:137,1
DA:138,1
DA:139,1
DA:140,1
DA:141,2
DA:142,2
DA:143,1
DA:144,1
DA:145,9
DA:146,9
DA:147,1
DA:148,1
DA:149,7
DA:150,7
DA:151,5
DA:152,5
DA:153,5
DA:154,5
DA:155,5
DA:156,5
DA:157,5
DA:158,5
DA:159,5
DA:160,5
DA:161,5
DA:162,5
DA:163,5
DA:164,5
DA:165,5
DA:166,5
DA:167,1
DA:168,1
DA:169,6
DA:170,6
DA:171,6
DA:172,6
DA:173,6
DA:174,6
DA:175,6
DA:176,6
DA:177,1
DA:178,1
DA:179,6
DA:180,6
DA:181,6
DA:182,6
DA:183,6
DA:184,6
DA:185,6
DA:186,6
DA:187,1
DA:188,1
DA:189,6
DA:190,6
DA:191,6
DA:192,6
DA:193,1
DA:194,1
DA:195,1
DA:196,1
DA:197,1
DA:198,1
DA:199,1
DA:200,1
DA:201,1
DA:202,1
DA:203,2
DA:204,2
DA:205,1
DA:206,1
DA:207,1
DA:208,1
DA:209,1
DA:210,24
DA:211,24
DA:212,1
LF:212
LH:212
BRDA:19,0,0,2
BRDA:24,1,0,21
BRDA:33,2,0,21
BRDA:48,3,0,5
BRDA:52,4,0,51
BRDA:56,5,0,5
BRDA:57,6,0,4
BRDA:57,7,0,4
BRDA:66,8,0,1
BRDA:67,9,0,3
BRDA:72,10,0,1
BRDA:74,11,0,2
BRDA:75,12,0,3
BRDA:78,13,0,1
BRDA:79,14,0,2
BRDA:81,15,0,1
BRDA:60,16,0,1
BRDA:61,17,0,1
BRDA:63,18,0,1
BRDA:71,19,0,3
BRDA:71,20,0,2
BRDA:80,21,0,2
BRDA:80,22,0,2
BRDA:87,23,0,5
BRDA:90,24,0,1
BRDA:91,25,0,4
BRDA:93,26,0,1
BRDA:94,27,0,3
BRDA:99,28,0,1
BRDA:100,29,0,2
BRDA:96,30,0,3
BRDA:96,31,0,3
BRDA:97,32,0,4
BRDA:109,33,0,1
BRDA:110,34,0,1
BRDA:113,35,0,3
BRDA:115,36,0,1
BRDA:121,37,0,2
BRDA:123,38,0,1
BRDA:114,39,0,1
BRDA:122,40,0,3
BRDA:122,41,0,3
BRDA:126,42,0,1
BRDA:133,43,0,3
BRDA:134,44,0,1
BRDA:141,45,0,2
BRDA:144,46,0,9
BRDA:148,47,0,7
BRDA:150,48,0,2
BRDA:151,49,0,5
BRDA:168,50,0,6
BRDA:170,51,0,7
BRDA:172,52,0,7
BRDA:172,53,0,1
BRDA:173,54,0,1
BRDA:175,55,0,1
BRDA:178,56,0,6
BRDA:180,57,0,7
BRDA:182,58,0,7
BRDA:183,59,0,7
BRDA:185,60,0,8
BRDA:188,61,0,6
BRDA:192,62,0,5
BRDA:193,63,0,1
BRDA:194,64,0,1
BRDA:195,65,0,2
BRDA:202,66,0,2
BRDA:204,67,0,1
BRDA:206,68,0,1
BRDA:209,69,0,24
BRF:70
BRH:70
end_of_record
TN:
SF:src\lib\transaction.ts
FN:11,<instance_members_initializer>
FN:18,Transaction
FN:35,getHash
FN:47,getFee
FN:61,isValid
FN:93,fromReward
FNF:6
FNH:6
FNDA:11,<instance_members_initializer>
FNDA:11,Transaction
FNDA:21,getHash
FNDA:2,getFee
FNDA:9,isValid
FNDA:1,fromReward
DA:1,1
DA:2,1
DA:3,1
DA:4,1
DA:5,1
DA:6,1
DA:7,1
DA:8,1
DA:9,1
DA:10,1
DA:11,11
DA:12,11
DA:13,11
DA:14,11
DA:15,11
DA:16,11
DA:17,11
DA:18,11
DA:19,11
DA:20,11
DA:21,11
DA:22,11
DA:23,11
DA:24,11
DA:25,11
DA:26,11
DA:27,11
DA:28,11
DA:29,11
DA:30,11
DA:31,11
DA:32,11
DA:33,11
DA:34,11
DA:35,11
DA:36,21
DA:37,21
DA:38,21
DA:39,21
DA:40,21
DA:41,21
DA:42,21
DA:43,21
DA:44,21
DA:45,21
DA:46,11
DA:47,11
DA:48,2
DA:49,2
DA:50,1
DA:51,1
DA:52,1
DA:53,1
DA:54,1
DA:55,1
DA:56,1
DA:57,1
DA:58,1
DA:59,1
DA:60,11
DA:61,11
DA:62,9
DA:63,9
DA:64,8
DA:65,9
DA:66,9
DA:67,7
DA:68,9
DA:69,4
DA:70,4
DA:71,1
DA:72,1
DA:73,1
DA:74,3
DA:75,3
DA:76,3
DA:77,3
DA:78,4
DA:79,4
DA:80,5
DA:81,5
DA:82,9
DA:83,4
DA:84,9
DA:85,3
DA:86,3
DA:87,3
DA:88,3
DA:89,3
DA:90,3
DA:91,3
DA:92,11
DA:93,11
DA:94,1
DA:95,1
DA:96,1
DA:97,1
DA:98,1
DA:99,1
DA:100,1
DA:101,1
DA:102,1
DA:103,11
LF:103
LH:103
BRDA:11,0,0,11
BRDA:18,1,0,11
BRDA:19,2,0,9
BRDA:19,3,0,7
BRDA:20,4,0,9
BRDA:20,5,0,10
BRDA:22,6,0,9
BRDA:23,7,0,6
BRDA:24,8,0,5
BRDA:26,9,0,9
BRDA:27,10,0,9
BRDA:28,11,0,2
BRDA:30,12,0,9
BRDA:30,13,0,10
BRDA:23,14,0,6
BRDA:27,15,0,9
BRDA:32,16,0,9
BRDA:35,17,0,21
BRDA:36,18,0,10
BRDA:37,19,0,10
BRDA:38,20,0,11
BRDA:41,21,0,18
BRDA:42,22,0,3
BRDA:37,23,0,10
BRDA:41,24,0,18
BRDA:47,25,0,2
BRDA:49,26,0,1
BRDA:49,27,0,1
BRDA:50,28,0,1
BRDA:53,29,0,1
BRDA:61,30,0,9
BRDA:63,31,0,1
BRDA:64,32,0,8
BRDA:65,33,0,7
BRDA:66,34,0,1
BRDA:67,35,0,7
BRDA:68,36,0,4
BRDA:68,37,0,4
BRDA:70,38,0,1
BRDA:74,39,0,3
BRDA:78,40,0,1
BRDA:80,41,0,5
BRDA:82,42,0,1
BRDA:83,43,0,4
BRDA:84,44,0,3
BRDA:87,45,0,1
BRDA:65,46,0,7
BRDA:65,47,0,7
BRDA:69,48,0,4
BRDA:69,49,0,4
BRDA:71,50,0,1
BRDA:75,51,0,3
BRDA:75,52,0,3
BRDA:76,53,0,3
BRDA:76,54,0,3
BRDA:81,55,0,5
BRDA:93,56,0,1
BRF:57
BRH:57
end_of_record
TN:
SF:src\lib\transactionInput.ts
FN:12,<instance_members_initializer>
FN:22,TransactionInput
FN:33,sign
FN:43,getHash
FN:51,isValid
FN:66,fromTxo
FNF:6
FNH:6
FNDA:7,<instance_members_initializer>
FNDA:7,TransactionInput
FNDA:6,sign
FNDA:9,getHash
FNDA:7,isValid
FNDA:1,fromTxo
DA:1,1
DA:2,1
DA:3,1
DA:4,1
DA:5,1
DA:6,1
DA:7,1
DA:8,1
DA:9,1
DA:10,1
DA:11,1
DA:12,7
DA:13,7
DA:14,7
DA:15,7
DA:16,7
DA:17,7
DA:18,7
DA:19,7
DA:20,7
DA:21,7
DA:22,7
DA:23,7
DA:24,7
DA:25,7
DA:26,7
DA:27,7
DA:28,7
DA:29,7
DA:30,7
DA:31,7
DA:32,7
DA:33,7
DA:34,6
DA:35,6
DA:36,6
DA:37,6
DA:38,7
DA:39,7
DA:40,7
DA:41,7
DA:42,7
DA:43,7
DA:44,9
DA:45,9
DA:46,7
DA:47,7
DA:48,7
DA:49,7
DA:50,7
DA:51,7
DA:52,7
DA:53,7
DA:54,4
DA:55,4
DA:56,7
DA:57,3
DA:58,3
DA:59,3
DA:60,3
DA:61,3
DA:62,3
DA:63,7
DA:64,7
DA:65,7
DA:66,7
DA:67,1
DA:68,1
DA:69,1
DA:70,1
DA:71,1
DA:72,1
DA:73,7
LF:73
LH:73
BRDA:12,0,0,7
BRDA:22,1,0,7
BRDA:23,2,0,6
BRDA:23,3,0,2
BRDA:24,4,0,6
BRDA:24,5,0,1
BRDA:25,6,0,6
BRDA:25,7,0,1
BRDA:26,8,0,6
BRDA:33,9,0,6
BRDA:43,10,0,9
BRDA:51,11,0,7
BRDA:52,12,0,5
BRDA:53,13,0,3
BRDA:54,14,0,4
BRDA:56,15,0,1
BRDA:57,16,0,3
BRDA:63,17,0,1
BRDA:63,18,0,2
BRDA:66,19,0,1
BRF:20
BRH:20
end_of_record
TN:
SF:src\lib\transactionOutput.ts
FN:7,<instance_members_initializer>
FN:12,TransactionOutput
FN:18,isValid
FN:25,getHash
FNF:4
FNH:4
FNDA:32,<instance_members_initializer>
FNDA:32,TransactionOutput
FNDA:3,isValid
FNDA:1,getHash
DA:1,1
DA:2,1
DA:3,1
DA:4,1
DA:5,1
DA:6,1
DA:7,32
DA:8,32
DA:9,32
DA:10,32
DA:11,32
DA:12,32
DA:13,32
DA:14,32
DA:15,32
DA:16,32
DA:17,32
DA:18,32
DA:19,3
DA:20,3
DA:21,1
DA:22,1
DA:23,1
DA:24,32
DA:25,32
DA:26,1
DA:27,1
DA:28,32
LF:28
LH:28
BRDA:7,0,0,32
BRDA:12,1,0,32
BRDA:13,2,0,31
BRDA:13,3,0,1
BRDA:14,4,0,31
BRDA:14,5,0,1
BRDA:15,6,0,31
BRDA:15,7,0,29
BRDA:18,8,0,3
BRDA:20,9,0,2
BRDA:21,10,0,1
BRDA:25,11,0,1
BRF:12
BRH:12
end_of_record
TN:
SF:src\lib\validation.ts
FN:4,<instance_members_initializer>
FN:13,Validation
FNF:2
FNH:2
FNDA:90,<instance_members_initializer>
FNDA:90,Validation
DA:1,1
DA:2,1
DA:3,1
DA:4,90
DA:5,90
DA:6,90
DA:7,90
DA:8,90
DA:9,90
DA:10,90
DA:11,90
DA:12,90
DA:13,90
DA:14,90
DA:15,90
DA:16,90
DA:17,90
LF:17
LH:17
BRDA:4,0,0,90
BRDA:13,1,0,90
BRF:2
BRH:2
end_of_record
TN:
SF:src\lib\wallet.ts
FN:9,<instance_members_initializer>
FN:14,Wallet
FNF:2
FNH:2
FNDA:15,<instance_members_initializer>
FNDA:15,Wallet
DA:1,1
DA:2,1
DA:3,1
DA:4,1
DA:5,1
DA:6,1
DA:7,1
DA:8,1
DA:9,15
DA:10,15
DA:11,15
DA:12,15
DA:13,15
DA:14,15
DA:15,15
DA:16,15
DA:17,15
DA:18,3
DA:19,3
DA:20,1
DA:21,3
DA:22,15
DA:23,12
DA:24,15
DA:25,1
DA:26,1
DA:27,15
DA:28,15
DA:29,15
LF:29
LH:29
BRDA:9,0,0,15
BRDA:14,1,0,15
BRDA:17,2,0,3
BRDA:19,3,0,2
BRDA:20,4,0,1
BRDA:22,5,0,12
BRDA:26,6,0,1
BRF:7
BRH:7
end_of_record
TN:
SF:src\server\blockchainServer.ts
FNF:0
FNH:0
DA:1,1
DA:2,1
DA:3,1
DA:4,1
DA:5,1
DA:6,1
DA:7,1
DA:8,1
DA:9,1
DA:10,1
DA:11,1
DA:12,1
DA:13,1
DA:14,1
DA:15,1
DA:16,1
DA:17,1
DA:18,1
DA:19,1
DA:20,1
DA:21,1
DA:22,1
DA:23,1
DA:24,1
DA:25,1
DA:26,1
DA:27,1
DA:28,1
DA:29,1
DA:30,1
DA:31,1
DA:32,1
DA:33,1
DA:34,1
DA:35,1
DA:36,1
DA:37,1
DA:38,1
DA:39,1
DA:40,1
DA:41,3
DA:42,3
DA:43,3
DA:44,2
DA:45,2
DA:46,3
DA:47,3
DA:48,3
DA:49,2
DA:50,2
DA:51,3
DA:52,1
DA:53,1
DA:54,3
DA:55,3
DA:56,3
DA:57,3
DA:58,3
DA:59,3
DA:60,3
DA:61,1
DA:62,1
DA:63,1
DA:64,1
DA:65,1
DA:66,2
DA:67,2
DA:68,1
DA:69,1
DA:70,1
DA:71,1
DA:72,1
DA:73,1
DA:74,2
DA:75,1
DA:76,1
DA:77,3
DA:78,3
DA:79,3
DA:80,3
DA:81,3
DA:82,3
DA:83,3
DA:84,1
DA:85,1
DA:86,3
DA:87,1
DA:88,1
DA:89,1
DA:90,1
DA:91,1
DA:92,1
DA:93,1
DA:94,1
DA:95,1
DA:96,1
DA:97,1
DA:98,1
DA:99,1
DA:100,1
DA:101,1
DA:102,1
DA:103,1
DA:104,1
DA:105,1
DA:106,1
LF:106
LH:106
BRDA:13,0,0,1
BRDA:19,1,0,1
BRDA:101,2,0,1
BRDA:27,3,0,1
BRDA:36,4,0,1
BRDA:40,5,0,3
BRDA:43,6,0,1
BRDA:44,7,0,2
BRDA:48,8,0,1
BRDA:49,9,0,2
BRDA:53,10,0,3
BRDA:54,11,0,1
BRDA:60,12,0,2
BRDA:61,13,0,1
BRDA:65,14,0,2
BRDA:67,15,0,1
BRDA:76,16,0,3
BRDA:77,17,0,1
BRDA:83,18,0,2
BRDA:84,19,0,1
BRDA:88,20,0,1
BRF:21
BRH:21
end_of_record
